Lorem     
ipsum     
dolor sit 
amet,     
consectetu
adipiscing
elit.     
Integer   
tortor    
quam,     
pretium   
ultricies 
tincidunt 
in,       
blandit et
massa.    
Donec     
dignissim 
hendrerit 
sodales.  
Aenean    
vehicula  
massa     
tellus, at
scelerisqu
sem dictum
id. Morbi 
nec ex    
dictum,   
posuere   
est sit   
amet,     
mattis    
odio.     
Suspendiss
sit amet  
tortor    
sapien.   
Phasellus 
dolor     
tellus,   
vulputate 
id commodo
nec,      
egestas   
sed       
sapien. In
et ex sit 
amet risus
rutrum    
bibendum  
sed vitae 
ex.       
Aliquam   
sed magna 
ac sem    
viverra   
facilisis 
non vitae 
odio.     
Vestibulum
ut nibh   
non ipsum 
vestibulum
porttitor.
Fusce     
volutpat, 
nisl sit  
amet      
mattis    
interdum, 
diam nisl 
porttitor 
eros, in  
bibendum  
nibh mi in
libero.   
Proin     
porttitor 
maximus   
nulla, non
tristique 
purus     
vulputate 
et.       
Pellentesq
sit amet  
rutrum    
sem, sit  
amet      
malesuada 
erat.     
Quisque   
faucibus  
est       
lacinia   
placerat  
lacinia.  
Nam nec   
consectetu
augue.    
Fusce     
tincidunt 
orci eget 
nibh      
egestas,  
eget      
rhoncus   
tellus    
congue.   
Integer   
non purus 
ut nibh   
accumsan  
pellentesq
Cras      
tellus    
diam,     
venenatis 
sed nisi  
a, feugiat
euismod   
nibh.     
Aenean ut 
felis at  
dolor     
bibendum  
interdum. 
Nulla     
rutrum est
mauris, in
lacinia   
felis     
vestibulum
id. Sed   
aliquam   
urna vel  
tincidunt 
consequat.
Sed ut    
justo     
porta,    
pellentesq
eros id,  
ultricies 
velit.    
Nunc      
ullamcorpe
vel velit 
in        
volutpat. 
Curabitur 
blandit in
turpis    
vitae     
sagittis. 
Quisque   
hendrerit 
feugiat   
orci, quis
elementum 
tortor    
ultricies 
tempor. In
non leo at
massa     
vulputate 
placerat  
et eu mi. 
Lorem     
pretium   
augue.    
ipsum     
adipiscing
non ipsum 
Lorem     
ipsum     
dolor sit 
amet,     
consectetu
adipiscing
elit.     
Integer   
tortor    
quam,     
pretium   
ultricies 
tincidunt 
in,       
blandit et
massa.    
Donec     
dignissim 
hendrerit 
sodales.  
Aenean    
vehicula  
massa     
tellus, at
scelerisqu
sem dictum
id. Morbi 
nec ex    
dictum,   
posuere   
est sit   
amet,     
mattis    
odio.     
Suspendiss
sit amet  
tortor    
sapien.   
Phasellus 
dolor     
tellus,   
vulputate 
id commodo
nec,      
egestas   
sed       
sapien. In
et ex sit 
amet risus
rutrum    
bibendum  
sed vitae 
ex.       
Aliquam   
sed magna 
ac sem    
viverra   
facilisis 
non vitae 
odio.     
Vestibulum
ut nibh   
non ipsum 
vestibulum
porttitor.
Fusce     
volutpat, 
nisl sit  
amet      
mattis    
interdum, 
diam nisl 
porttitor 
eros, in  
bibendum  
nibh mi in
libero.   
Proin     
porttitor 
maximus   
nulla, non
tristique 
purus     
vulputate 
et.       
Pellentesq
sit amet  
rutrum    
sem, sit  
amet      
malesuada 
erat.     
Quisque   
faucibus  
est       
lacinia   
placerat  
lacinia.  
Nam nec   
consectetu
augue.    
Fusce     
tincidunt 
orci eget 
nibh      
egestas,  
eget      
rhoncus   
tellus    
congue.   
Integer   
non purus 
ut nibh   
accumsan  
pellentesq
Cras      
tellus    
diam,     
venenatis 
sed nisi  
a, feugiat
euismod   
nibh.     
Aenean ut 
felis at  
dolor     
bibendum  
interdum. 
Nulla     
rutrum est
mauris, in
lacinia   
felis     
vestibulum
id. Sed   
aliquam   
urna vel  
tincidunt 
consequat.
Sed ut    
justo     
porta,    
pellentesq
eros id,  
ultricies 
velit.    
Nunc      
ullamcorpe
vel velit 
in        
volutpat. 
Curabitur 
blandit in
turpis    
vitae     
sagittis. 
Quisque   
hendrerit 
feugiat   
orci, quis
elementum 
tortor    
ultricies 
tempor. In
non leo at
massa     
vulputate 
placerat  
et eu mi. 
Lorem     
pretium   
augue.    
ipsum     
adipiscing
non ipsum 
et eu mi. 
placerat  
vulputate 
massa     
non leo at
tempor. In
ultricies 
tortor    
elementum 
orci, quis
feugiat   
hendrerit 
Quisque   
sagittis. 
vitae     
turpis    
blandit in
Curabitur 
volutpat. 
in        
vel velit 
ullamcorpe
Nunc      
velit.    
ultricies 
eros id,  
pellentesq
porta,    
justo     
Sed ut    
consequat.
tincidunt 
urna vel  
aliquam   
id. Sed   
vestibulum
felis     
lacinia   
mauris, in
rutrum est
Nulla     
interdum. 
bibendum  
dolor     
felis at  
Aenean ut 
nibh.     
euismod   
a, feugiat
sed nisi  
venenatis 
diam,     
tellus    
Cras      
pellentesq
accumsan  
ut nibh   
non purus 
Integer   
congue.   
tellus    
rhoncus   
eget      
egestas,  
nibh      
orci eget 
tincidunt 
Fusce     
augue.    
consectetu
Nam nec   
lacinia.  
placerat  
lacinia   
est       
faucibus  
Quisque   
erat.     
malesuada 
amet      
sem, sit  
rutrum    
sit amet  
Pellentesq
et.       
vulputate 
purus     
tristique 
nulla, non
maximus   
porttitor 
Proin     
libero.   
nibh mi in
bibendum  
eros, in  
porttitor 
diam nisl 
interdum, 
mattis    
amet      
nisl sit  
volutpat, 
Fusce     
porttitor.
vestibulum
non ipsum 
ut nibh   
Vestibulum
odio.     
non vitae 
facilisis 
viverra   
ac sem    
sed magna 
Aliquam   
ex.       
sed vitae 
bibendum  
rutrum    
amet risus
et ex sit 
sapien. In
sed       
egestas   
nec,      
id commodo
vulputate 
tellus,   
dolor     
Phasellus 
sapien.   
tortor    
sit amet  
Suspendiss
odio.     
mattis    
amet,     
est sit   
posuere   
dictum,   
nec ex    
id. Morbi 
sem dictum
scelerisqu
tellus, at
massa     
vehicula  
Aenean    
sodales.  
hendrerit 
dignissim 
Donec     
massa.    
blandit et
in,       
tincidunt 
ultricies 
pretium   
quam,     
tortor    
Integer   
elit.     
adipiscing
consectetu
amet,     
dolor sit 
ipsum     
Lorem     
et eu mi. 
feugiat   
amet      
non ipsum 
adipiscing
ipsum     
 et eu mi.
  placerat
 vulputate
     massa
non leo at
tempor. In
 ultricies
    tortor
 elementum
orci, quis
   feugiat
 hendrerit
   Quisque
 sagittis.
     vitae
    turpis
blandit in
 Curabitur
 volutpat.
        in
 vel velit
ullamcorpe
      Nunc
    velit.
 ultricies
  eros id,
pellentesq
    porta,
     justo
    Sed ut
consequat.
 tincidunt
  urna vel
   aliquam
   id. Sed
vestibulum
     felis
   lacinia
mauris, in
rutrum est
     Nulla
 interdum.
  bibendum
     dolor
  felis at
 Aenean ut
     nibh.
   euismod
a, feugiat
  sed nisi
 venenatis
     diam,
    tellus
      Cras
pellentesq
  accumsan
   ut nibh
 non purus
   Integer
   congue.
    tellus
   rhoncus
      eget
  egestas,
      nibh
 orci eget
 tincidunt
     Fusce
    augue.
consectetu
   Nam nec
  lacinia.
  placerat
   lacinia
       est
  faucibus
   Quisque
     erat.
 malesuada
      amet
  sem, sit
    rutrum
  sit amet
Pellentesq
       et.
 vulputate
     purus
 tristique
nulla, non
   maximus
 porttitor
     Proin
   libero.
nibh mi in
  bibendum
  eros, in
 porttitor
 diam nisl
 interdum,
    mattis
      amet
  nisl sit
 volutpat,
     Fusce
porttitor.
vestibulum
 non ipsum
   ut nibh
Vestibulum
     odio.
 non vitae
 facilisis
   viverra
    ac sem
 sed magna
   Aliquam
       ex.
 sed vitae
  bibendum
    rutrum
amet risus
 et ex sit
sapien. In
       sed
   egestas
      nec,
id commodo
 vulputate
   tellus,
     dolor
 Phasellus
   sapien.
    tortor
  sit amet
Suspendiss
     odio.
    mattis
     amet,
   est sit
   posuere
   dictum,
    nec ex
 id. Morbi
sem dictum
scelerisqu
tellus, at
     massa
  vehicula
    Aenean
  sodales.
 hendrerit
 dignissim
     Donec
    massa.
blandit et
       in,
 tincidunt
 ultricies
   pretium
     quam,
    tortor
   Integer
     elit.
adipiscing
consectetu
     amet,
 dolor sit
     ipsum
     Lorem
 et eu mi.
   feugiat
      amet
 non ipsum
adipiscing
     ipsum
     Lorem
     ipsum
 dolor sit
     amet,
consectetu
adipiscing
     elit.
   Integer
    tortor
     quam,
   pretium
 ultricies
 tincidunt
       in,
blandit et
    massa.
     Donec
 dignissim
 hendrerit
  sodales.
    Aenean
  vehicula
     massa
tellus, at
scelerisqu
sem dictum
 id. Morbi
    nec ex
   dictum,
   posuere
   est sit
     amet,
    mattis
     odio.
Suspendiss
  sit amet
    tortor
   sapien.
 Phasellus
     dolor
   tellus,
 vulputate
id commodo
      nec,
   egestas
       sed
sapien. In
 et ex sit
amet risus
    rutrum
  bibendum
 sed vitae
       ex.
   Aliquam
 sed magna
    ac sem
   viverra
 facilisis
 non vitae
     odio.
Vestibulum
   ut nibh
 non ipsum
vestibulum
porttitor.
     Fusce
 volutpat,
  nisl sit
      amet
    mattis
 interdum,
 diam nisl
 porttitor
  eros, in
  bibendum
nibh mi in
   libero.
     Proin
 porttitor
   maximus
nulla, non
 tristique
     purus
 vulputate
       et.
Pellentesq
  sit amet
    rutrum
  sem, sit
      amet
 malesuada
     erat.
   Quisque
  faucibus
       est
   lacinia
  placerat
  lacinia.
   Nam nec
consectetu
    augue.
     Fusce
 tincidunt
 orci eget
      nibh
  egestas,
      eget
   rhoncus
    tellus
   congue.
   Integer
 non purus
   ut nibh
  accumsan
pellentesq
      Cras
    tellus
     diam,
 venenatis
  sed nisi
a, feugiat
   euismod
     nibh.
 Aenean ut
  felis at
     dolor
  bibendum
 interdum.
     Nulla
rutrum est
mauris, in
   lacinia
     felis
vestibulum
   id. Sed
   aliquam
  urna vel
 tincidunt
consequat.
    Sed ut
     justo
    porta,
pellentesq
  eros id,
 ultricies
    velit.
      Nunc
ullamcorpe
 vel velit
        in
 volutpat.
 Curabitur
blandit in
    turpis
     vitae
 sagittis.
   Quisque
 hendrerit
   feugiat
orci, quis
 elementum
    tortor
 ultricies
tempor. In
non leo at
     massa
 vulputate
  placerat
 et eu mi.
     Lorem
   pretium
    augue.
     ipsum
adipiscing
 non ipsum
 et eu mi.
  placerat
 vulputate
     massa
non leo at
tempor. In
 ultricies
    tortor
 elementum
orci, quis
   feugiat
 hendrerit
   Quisque
 sagittis.
     vitae
    turpis
blandit in
 Curabitur
 volutpat.
        in
 vel velit
ullamcorpe
      Nunc
    velit.
 ultricies
  eros id,
pellentesq
    porta,
     justo
    Sed ut
consequat.
 tincidunt
  urna vel
   aliquam
   id. Sed
vestibulum
     felis
   lacinia
mauris, in
rutrum est
     Nulla
 interdum.
  bibendum
     dolor
  felis at
 Aenean ut
     nibh.
   euismod
a, feugiat
  sed nisi
 venenatis
     diam,
    tellus
      Cras
pellentesq
  accumsan
   ut nibh
 non purus
   Integer
   congue.
    tellus
   rhoncus
      eget
  egestas,
      nibh
 orci eget
 tincidunt
     Fusce
    augue.
consectetu
   Nam nec
  lacinia.
  placerat
   lacinia
       est
  faucibus
   Quisque
     erat.
 malesuada
      amet
  sem, sit
    rutrum
  sit amet
Pellentesq
       et.
 vulputate
     purus
 tristique
nulla, non
   maximus
 porttitor
     Proin
   libero.
nibh mi in
  bibendum
  eros, in
 porttitor
 diam nisl
 interdum,
    mattis
      amet
  nisl sit
 volutpat,
     Fusce
porttitor.
vestibulum
 non ipsum
   ut nibh
Vestibulum
     odio.
 non vitae
 facilisis
   viverra
    ac sem
 sed magna
   Aliquam
       ex.
 sed vitae
  bibendum
    rutrum
amet risus
 et ex sit
sapien. In
       sed
   egestas
      nec,
id commodo
 vulputate
   tellus,
     dolor
 Phasellus
   sapien.
    tortor
  sit amet
Suspendiss
     odio.
    mattis
     amet,
   est sit
   posuere
   dictum,
    nec ex
 id. Morbi
sem dictum
scelerisqu
tellus, at
     massa
  vehicula
    Aenean
  sodales.
 hendrerit
 dignissim
     Donec
    massa.
blandit et
       in,
 tincidunt
 ultricies
   pretium
     quam,
    tortor
   Integer
     elit.
adipiscing
consectetu
     amet,
 dolor sit
     ipsum
     Lorem
 et eu mi.
   feugiat
      amet
 non ipsum
adipiscing
     ipsum
 et eu mi.
 placerat 
 vulputate
   massa  
non leo at
tempor. In
 ultricies
  tortor  
 elementum
orci, quis
  feugiat 
 hendrerit
  Quisque 
 sagittis.
   vitae  
  turpis  
blandit in
 Curabitur
 volutpat.
    in    
 vel velit
ullamcorpe
   Nunc   
  velit.  
 ultricies
 eros id, 
pellentesq
  porta,  
   justo  
  Sed ut  
consequat.
 tincidunt
 urna vel 
  aliquam 
  id. Sed 
vestibulum
   felis  
  lacinia 
mauris, in
rutrum est
   Nulla  
 interdum.
 bibendum 
   dolor  
 felis at 
 Aenean ut
   nibh.  
  euismod 
a, feugiat
 sed nisi 
 venenatis
   diam,  
  tellus  
   Cras   
pellentesq
 accumsan 
  ut nibh 
 non purus
  Integer 
  congue. 
  tellus  
  rhoncus 
   eget   
 egestas, 
   nibh   
 orci eget
 tincidunt
   Fusce  
  augue.  
consectetu
  Nam nec 
 lacinia. 
 placerat 
  lacinia 
    est   
 faucibus 
  Quisque 
   erat.  
 malesuada
   amet   
 sem, sit 
  rutrum  
 sit amet 
Pellentesq
    et.   
 vulputate
   purus  
 tristique
nulla, non
  maximus 
 porttitor
   Proin  
  libero. 
nibh mi in
 bibendum 
 eros, in 
 porttitor
 diam nisl
 interdum,
  mattis  
   amet   
 nisl sit 
 volutpat,
   Fusce  
porttitor.
vestibulum
 non ipsum
  ut nibh 
Vestibulum
   odio.  
 non vitae
 facilisis
  viverra 
  ac sem  
 sed magna
  Aliquam 
    ex.   
 sed vitae
 bibendum 
  rutrum  
amet risus
 et ex sit
sapien. In
    sed   
  egestas 
   nec,   
id commodo
 vulputate
  tellus, 
   dolor  
 Phasellus
  sapien. 
  tortor  
 sit amet 
Suspendiss
   odio.  
  mattis  
   amet,  
  est sit 
  posuere 
  dictum, 
  nec ex  
 id. Morbi
sem dictum
scelerisqu
tellus, at
   massa  
 vehicula 
  Aenean  
 sodales. 
 hendrerit
 dignissim
   Donec  
  massa.  
blandit et
    in,   
 tincidunt
 ultricies
  pretium 
   quam,  
  tortor  
  Integer 
   elit.  
adipiscing
consectetu
   amet,  
 dolor sit
   ipsum  
   Lorem  
 et eu mi.
  feugiat 
   amet   
 non ipsum
adipiscing
   ipsum  
   Lorem  
   ipsum  
 dolor sit
   amet,  
consectetu
adipiscing
   elit.  
  Integer 
  tortor  
   quam,  
  pretium 
 ultricies
 tincidunt
    in,   
blandit et
  massa.  
   Donec  
 dignissim
 hendrerit
 sodales. 
  Aenean  
 vehicula 
   massa  
tellus, at
scelerisqu
sem dictum
 id. Morbi
  nec ex  
  dictum, 
  posuere 
  est sit 
   amet,  
  mattis  
   odio.  
Suspendiss
 sit amet 
  tortor  
  sapien. 
 Phasellus
   dolor  
  tellus, 
 vulputate
id commodo
   nec,   
  egestas 
    sed   
sapien. In
 et ex sit
amet risus
  rutrum  
 bibendum 
 sed vitae
    ex.   
  Aliquam 
 sed magna
  ac sem  
  viverra 
 facilisis
 non vitae
   odio.  
Vestibulum
  ut nibh 
 non ipsum
vestibulum
porttitor.
   Fusce  
 volutpat,
 nisl sit 
   amet   
  mattis  
 interdum,
 diam nisl
 porttitor
 eros, in 
 bibendum 
nibh mi in
  libero. 
   Proin  
 porttitor
  maximus 
nulla, non
 tristique
   purus  
 vulputate
    et.   
Pellentesq
 sit amet 
  rutrum  
 sem, sit 
   amet   
 malesuada
   erat.  
  Quisque 
 faucibus 
    est   
  lacinia 
 placerat 
 lacinia. 
  Nam nec 
consectetu
  augue.  
   Fusce  
 tincidunt
 orci eget
   nibh   
 egestas, 
   eget   
  rhoncus 
  tellus  
  congue. 
  Integer 
 non purus
  ut nibh 
 accumsan 
pellentesq
   Cras   
  tellus  
   diam,  
 venenatis
 sed nisi 
a, feugiat
  euismod 
   nibh.  
 Aenean ut
 felis at 
   dolor  
 bibendum 
 interdum.
   Nulla  
rutrum est
mauris, in
  lacinia 
   felis  
vestibulum
  id. Sed 
  aliquam 
 urna vel 
 tincidunt
consequat.
  Sed ut  
   justo  
  porta,  
pellentesq
 eros id, 
 ultricies
  velit.  
   Nunc   
ullamcorpe
 vel velit
    in    
 volutpat.
 Curabitur
blandit in
  turpis  
   vitae  
 sagittis.
  Quisque 
 hendrerit
  feugiat 
orci, quis
 elementum
  tortor  
 ultricies
tempor. In
non leo at
   massa  
 vulputate
 placerat 
 et eu mi.
   Lorem  
  pretium 
  augue.  
   ipsum  
adipiscing
 non ipsum
 et eu mi.
 placerat 
 vulputate
   massa  
non leo at
tempor. In
 ultricies
  tortor  
 elementum
orci, quis
  feugiat 
 hendrerit
  Quisque 
 sagittis.
   vitae  
  turpis  
blandit in
 Curabitur
 volutpat.
    in    
 vel velit
ullamcorpe
   Nunc   
  velit.  
 ultricies
 eros id, 
pellentesq
  porta,  
   justo  
  Sed ut  
consequat.
 tincidunt
 urna vel 
  aliquam 
  id. Sed 
vestibulum
   felis  
  lacinia 
mauris, in
rutrum est
   Nulla  
 interdum.
 bibendum 
   dolor  
 felis at 
 Aenean ut
   nibh.  
  euismod 
a, feugiat
 sed nisi 
 venenatis
   diam,  
  tellus  
   Cras   
pellentesq
 accumsan 
  ut nibh 
 non purus
  Integer 
  congue. 
  tellus  
  rhoncus 
   eget   
 egestas, 
   nibh   
 orci eget
 tincidunt
   Fusce  
  augue.  
consectetu
  Nam nec 
 lacinia. 
 placerat 
  lacinia 
    est   
 faucibus 
  Quisque 
   erat.  
 malesuada
   amet   
 sem, sit 
  rutrum  
 sit amet 
Pellentesq
    et.   
 vulputate
   purus  
 tristique
nulla, non
  maximus 
 porttitor
   Proin  
  libero. 
nibh mi in
 bibendum 
 eros, in 
 porttitor
 diam nisl
 interdum,
  mattis  
   amet   
 nisl sit 
 volutpat,
   Fusce  
porttitor.
vestibulum
 non ipsum
  ut nibh 
Vestibulum
   odio.  
 non vitae
 facilisis
  viverra 
  ac sem  
 sed magna
  Aliquam 
    ex.   
 sed vitae
 bibendum 
  rutrum  
amet risus
 et ex sit
sapien. In
    sed   
  egestas 
   nec,   
id commodo
 vulputate
  tellus, 
   dolor  
 Phasellus
  sapien. 
  tortor  
 sit amet 
Suspendiss
   odio.  
  mattis  
   amet,  
  est sit 
  posuere 
  dictum, 
  nec ex  
 id. Morbi
sem dictum
scelerisqu
tellus, at
   massa  
 vehicula 
  Aenean  
 sodales. 
 hendrerit
 dignissim
   Donec  
  massa.  
blandit et
    in,   
 tincidunt
 ultricies
  pretium 
   quam,  
  tortor  
  Integer 
   elit.  
adipiscing
consectetu
   amet,  
 dolor sit
   ipsum  
   Lorem  
 et eu mi.
  feugiat 
   amet   
 non ipsum
adipiscing
   ipsum  
et  eu mi.
placerat  
vulputate 
massa     
non leo at
tempor. In
ultricies 
tortor    
elementum 
orci, quis
feugiat   
hendrerit 
Quisque   
sagittis. 
vitae     
turpis    
blandit in
Curabitur 
volutpat. 
in        
vel  velit
ullamcorpe
Nunc      
velit.    
ultricies 
eros   id,
pellentesq
porta,    
justo     
Sed     ut
consequat.
tincidunt 
urna   vel
aliquam   
id.    Sed
vestibulum
felis     
lacinia   
mauris, in
rutrum est
Nulla     
interdum. 
bibendum  
dolor     
felis   at
Aenean  ut
nibh.     
euismod   
a, feugiat
sed   nisi
venenatis 
diam,     
tellus    
Cras      
pellentesq
accumsan  
ut    nibh
non  purus
Integer   
congue.   
tellus    
rhoncus   
eget      
egestas,  
nibh      
orci  eget
tincidunt 
Fusce     
augue.    
consectetu
Nam    nec
lacinia.  
placerat  
lacinia   
est       
faucibus  
Quisque   
erat.     
malesuada 
amet      
sem,   sit
rutrum    
sit   amet
Pellentesq
et.       
vulputate 
purus     
tristique 
nulla, non
maximus   
porttitor 
Proin     
libero.   
nibh mi in
bibendum  
eros,   in
porttitor 
diam  nisl
interdum, 
mattis    
amet      
nisl   sit
volutpat, 
Fusce     
porttitor.
vestibulum
non  ipsum
ut    nibh
Vestibulum
odio.     
non  vitae
facilisis 
viverra   
ac     sem
sed  magna
Aliquam   
ex.       
sed  vitae
bibendum  
rutrum    
amet risus
et  ex sit
sapien. In
sed       
egestas   
nec,      
id commodo
vulputate 
tellus,   
dolor     
Phasellus 
sapien.   
tortor    
sit   amet
Suspendiss
odio.     
mattis    
amet,     
est    sit
posuere   
dictum,   
nec     ex
id.  Morbi
sem dictum
scelerisqu
tellus, at
massa     
vehicula  
Aenean    
sodales.  
hendrerit 
dignissim 
Donec     
massa.    
blandit et
in,       
tincidunt 
ultricies 
pretium   
quam,     
tortor    
Integer   
elit.     
adipiscing
consectetu
amet,     
dolor  sit
ipsum     
Lorem     
et  eu mi.
feugiat   
amet      
non  ipsum
adipiscing
ipsum     
Lorem     
ipsum     
dolor  sit
amet,     
consectetu
adipiscing
elit.     
Integer   
tortor    
quam,     
pretium   
ultricies 
tincidunt 
in,       
blandit et
massa.    
Donec     
dignissim 
hendrerit 
sodales.  
Aenean    
vehicula  
massa     
tellus, at
scelerisqu
sem dictum
id.  Morbi
nec     ex
dictum,   
posuere   
est    sit
amet,     
mattis    
odio.     
Suspendiss
sit   amet
tortor    
sapien.   
Phasellus 
dolor     
tellus,   
vulputate 
id commodo
nec,      
egestas   
sed       
sapien. In
et  ex sit
amet risus
rutrum    
bibendum  
sed  vitae
ex.       
Aliquam   
sed  magna
ac     sem
viverra   
facilisis 
non  vitae
odio.     
Vestibulum
ut    nibh
non  ipsum
vestibulum
porttitor.
Fusce     
volutpat, 
nisl   sit
amet      
mattis    
interdum, 
diam  nisl
porttitor 
eros,   in
bibendum  
nibh mi in
libero.   
Proin     
porttitor 
maximus   
nulla, non
tristique 
purus     
vulputate 
et.       
Pellentesq
sit   amet
rutrum    
sem,   sit
amet      
malesuada 
erat.     
Quisque   
faucibus  
est       
lacinia   
placerat  
lacinia.  
Nam    nec
consectetu
augue.    
Fusce     
tincidunt 
orci  eget
nibh      
egestas,  
eget      
rhoncus   
tellus    
congue.   
Integer   
non  purus
ut    nibh
accumsan  
pellentesq
Cras      
tellus    
diam,     
venenatis 
sed   nisi
a, feugiat
euismod   
nibh.     
Aenean  ut
felis   at
dolor     
bibendum  
interdum. 
Nulla     
rutrum est
mauris, in
lacinia   
felis     
vestibulum
id.    Sed
aliquam   
urna   vel
tincidunt 
consequat.
Sed     ut
justo     
porta,    
pellentesq
eros   id,
ultricies 
velit.    
Nunc      
ullamcorpe
vel  velit
in        
volutpat. 
Curabitur 
blandit in
turpis    
vitae     
sagittis. 
Quisque   
hendrerit 
feugiat   
orci, quis
elementum 
tortor    
ultricies 
tempor. In
non leo at
massa     
vulputate 
placerat  
et  eu mi.
Lorem     
pretium   
augue.    
ipsum     
adipiscing
non  ipsum
et  eu mi.
placerat  
vulputate 
massa     
non leo at
tempor. In
ultricies 
tortor    
elementum 
orci, quis
feugiat   
hendrerit 
Quisque   
sagittis. 
vitae     
turpis    
blandit in
Curabitur 
volutpat. 
in        
vel  velit
ullamcorpe
Nunc      
velit.    
ultricies 
eros   id,
pellentesq
porta,    
justo     
Sed     ut
consequat.
tincidunt 
urna   vel
aliquam   
id.    Sed
vestibulum
felis     
lacinia   
mauris, in
rutrum est
Nulla     
interdum. 
bibendum  
dolor     
felis   at
Aenean  ut
nibh.     
euismod   
a, feugiat
sed   nisi
venenatis 
diam,     
tellus    
Cras      
pellentesq
accumsan  
ut    nibh
non  purus
Integer   
congue.   
tellus    
rhoncus   
eget      
egestas,  
nibh      
orci  eget
tincidunt 
Fusce     
augue.    
consectetu
Nam    nec
lacinia.  
placerat  
lacinia   
est       
faucibus  
Quisque   
erat.     
malesuada 
amet      
sem,   sit
rutrum    
sit   amet
Pellentesq
et.       
vulputate 
purus     
tristique 
nulla, non
maximus   
porttitor 
Proin     
libero.   
nibh mi in
bibendum  
eros,   in
porttitor 
diam  nisl
interdum, 
mattis    
amet      
nisl   sit
volutpat, 
Fusce     
porttitor.
vestibulum
non  ipsum
ut    nibh
Vestibulum
odio.     
non  vitae
facilisis 
viverra   
ac     sem
sed  magna
Aliquam   
ex.       
sed  vitae
bibendum  
rutrum    
amet risus
et  ex sit
sapien. In
sed       
egestas   
nec,      
id commodo
vulputate 
tellus,   
dolor     
Phasellus 
sapien.   
tortor    
sit   amet
Suspendiss
odio.     
mattis    
amet,     
est    sit
posuere   
dictum,   
nec     ex
id.  Morbi
sem dictum
scelerisqu
tellus, at
massa     
vehicula  
Aenean    
sodales.  
hendrerit 
dignissim 
Donec     
massa.    
blandit et
in,       
tincidunt 
ultricies 
pretium   
quam,     
tortor    
Integer   
elit.     
adipiscing
consectetu
amet,     
dolor  sit
ipsum     
Lorem     
et  eu mi.
feugiat   
amet      
non  ipsum
adipiscing
ipsum     
